<?xml version="1.0" encoding="UTF-8"?>
<testng-results ignored="0" total="1" passed="1" failed="0" skipped="0">
  <reporter-output>
  </reporter-output>
  <suite started-at="2023-02-21T16:55:41 IST" name="Default suite" finished-at="2023-02-21T16:56:40 IST" duration-ms="59150">
    <groups>
    </groups>
    <test started-at="2023-02-21T16:55:41 IST" name="Default test" finished-at="2023-02-21T16:56:40 IST" duration-ms="59150">
      <class name="packageFinal.TestClass">
        <test-method is-config="true" signature="testloggerMethod()[pri:0, instance:packageFinal.TestClass@d9345cd]" started-at="2023-02-21T16:55:40 IST" name="testloggerMethod" finished-at="2023-02-21T16:55:41 IST" duration-ms="227" status="PASS">
          <reporter-output>
          </reporter-output>
        </test-method> <!-- testloggerMethod -->
        <test-method is-config="true" signature="method1()[pri:0, instance:packageFinal.TestClass@d9345cd]" started-at="2023-02-21T16:55:41 IST" name="method1" finished-at="2023-02-21T16:56:29 IST" duration-ms="48068" status="PASS">
          <reporter-output>
          </reporter-output>
        </test-method> <!-- method1 -->
        <test-method signature="mathod2()[pri:0, instance:packageFinal.TestClass@d9345cd]" started-at="2023-02-21T16:56:29 IST" name="mathod2" finished-at="2023-02-21T16:56:31 IST" duration-ms="1565" status="PASS">
          <reporter-output>
          </reporter-output>
        </test-method> <!-- mathod2 -->
        <test-method is-config="true" signature="method3()[pri:0, instance:packageFinal.TestClass@d9345cd]" started-at="2023-02-21T16:56:31 IST" name="method3" finished-at="2023-02-21T16:56:40 IST" duration-ms="9168" status="PASS">
          <reporter-output>
          </reporter-output>
        </test-method> <!-- method3 -->
      </class> <!-- packageFinal.TestClass -->
    </test> <!-- Default test -->
  </suite> <!-- Default suite -->
</testng-results>
